Processing File 1 of 16 : ./data/nc_sws6_20081117_165152.data
Force at preload = 0.291
Force at contact = -0.054
Cant Deflection at preload = 0.441
Cant Deflection at contact = -0.082
Stage position at preload = 5.023
Stage position at contact = 3.494
Cantilever Deflection = 0.523
Stage Preload = 1.529
Total Preload Force = 0.345
Microwedge Deflection = 1.006
Spring Constant = 0.343
Processing File 2 of 16 : ./data/nc_sws6_20081117_165213.data
Force at preload = 0.625
Force at contact = -0.054
Cant Deflection at preload = 0.948
Cant Deflection at contact = -0.082
Stage position at preload = 6.000
Stage position at contact = 3.000
Cantilever Deflection = 1.030
Stage Preload = 3.000
Total Preload Force = 0.679
Microwedge Deflection = 1.970
Spring Constant = 0.345
Processing File 3 of 16 : ./data/nc_sws6_20081117_165221.data
Force at preload = 1.031
Force at contact = -0.058
Cant Deflection at preload = 1.564
Cant Deflection at contact = -0.088
Stage position at preload = 7.010
Stage position at contact = 3.854
Cantilever Deflection = 1.653
Stage Preload = 3.156
Total Preload Force = 1.089
Microwedge Deflection = 1.503
Spring Constant = 0.725
Processing File 4 of 16 : ./data/nc_sws6_20081117_165232.data
Force at preload = 1.488
Force at contact = -0.049
Cant Deflection at preload = 2.257
Cant Deflection at contact = -0.074
Stage position at preload = 8.020
Stage position at contact = 3.497
Cantilever Deflection = 2.331
Stage Preload = 4.523
Total Preload Force = 1.536
Microwedge Deflection = 2.192
Spring Constant = 0.701
Processing File 5 of 16 : ./data/nc_sws6_20081117_165245.data
Force at preload = 1.898
Force at contact = -0.057
Cant Deflection at preload = 2.880
Cant Deflection at contact = -0.087
Stage position at preload = 8.972
Stage position at contact = 3.812
Cantilever Deflection = 2.967
Stage Preload = 5.161
Total Preload Force = 1.955
Microwedge Deflection = 2.193
Spring Constant = 0.892
Processing File 6 of 16 : ./data/nc_sws6_20081117_165301.data
Force at preload = 2.378
Force at contact = -0.055
Cant Deflection at preload = 3.608
Cant Deflection at contact = -0.084
Stage position at preload = 9.998
Stage position at contact = 3.802
Cantilever Deflection = 3.692
Stage Preload = 6.195
Total Preload Force = 2.433
Microwedge Deflection = 2.503
Spring Constant = 0.972
Processing File 7 of 16 : ./data/nc_sws6_20081117_165418.data
Force at preload = 2.825
Force at contact = -0.063
Cant Deflection at preload = 4.287
Cant Deflection at contact = -0.096
Stage position at preload = 10.995
Stage position at contact = 3.763
Cantilever Deflection = 4.383
Stage Preload = 7.233
Total Preload Force = 2.888
Microwedge Deflection = 2.850
Spring Constant = 1.013
Processing File 8 of 16 : ./data/nc_sws6_20081117_165428.data
Force at preload = 3.278
Force at contact = -0.061
Cant Deflection at preload = 4.974
Cant Deflection at contact = -0.093
Stage position at preload = 11.993
Stage position at contact = 3.683
Cantilever Deflection = 5.067
Stage Preload = 8.310
Total Preload Force = 3.339
Microwedge Deflection = 3.243
Spring Constant = 1.030
Processing File 9 of 16 : ./data/nc_sws6_20081117_165438.data
Force at preload = 3.751
Force at contact = -0.070
Cant Deflection at preload = 5.692
Cant Deflection at contact = -0.106
Stage position at preload = 12.967
Stage position at contact = 3.751
Cantilever Deflection = 5.798
Stage Preload = 9.216
Total Preload Force = 3.821
Microwedge Deflection = 3.418
Spring Constant = 1.118
Processing File 10 of 16 : ./data/nc_sws6_20081117_165455.data
Force at preload = 4.208
Force at contact = -0.065
Cant Deflection at preload = 6.385
Cant Deflection at contact = -0.099
Stage position at preload = 13.986
Stage position at contact = 3.775
Cantilever Deflection = 6.484
Stage Preload = 10.211
Total Preload Force = 4.273
Microwedge Deflection = 3.728
Spring Constant = 1.146
Processing File 11 of 16 : ./data/nc_sws6_20081117_165505.data
Force at preload = 4.654
Force at contact = -0.093
Cant Deflection at preload = 7.062
Cant Deflection at contact = -0.141
Stage position at preload = 14.969
Stage position at contact = 3.653
Cantilever Deflection = 7.203
Stage Preload = 11.316
Total Preload Force = 4.747
Microwedge Deflection = 4.113
Spring Constant = 1.154
Processing File 12 of 16 : ./data/nc_sws6_20081117_165540.data
Force at preload = 5.070
Force at contact = -0.092
Cant Deflection at preload = 7.694
Cant Deflection at contact = -0.140
Stage position at preload = 15.955
Stage position at contact = 3.687
Cantilever Deflection = 7.834
Stage Preload = 12.268
Total Preload Force = 5.162
Microwedge Deflection = 4.434
Spring Constant = 1.164
Processing File 13 of 16 : ./data/nc_sws6_20081117_165552.data
Force at preload = 5.606
Force at contact = -0.109
Cant Deflection at preload = 8.507
Cant Deflection at contact = -0.166
Stage position at preload = 16.980
Stage position at contact = 3.595
Cantilever Deflection = 8.673
Stage Preload = 13.385
Total Preload Force = 5.715
Microwedge Deflection = 4.712
Spring Constant = 1.213
Processing File 14 of 16 : ./data/nc_sws6_20081117_165605.data
Force at preload = 6.005
Force at contact = -0.090
Cant Deflection at preload = 9.112
Cant Deflection at contact = -0.137
Stage position at preload = 17.960
Stage position at contact = 3.589
Cantilever Deflection = 9.249
Stage Preload = 14.371
Total Preload Force = 6.095
Microwedge Deflection = 5.121
Spring Constant = 1.190
Processing File 15 of 16 : ./data/nc_sws6_20081117_165619.data
Force at preload = 6.405
Force at contact = -0.112
Cant Deflection at preload = 9.720
Cant Deflection at contact = -0.170
Stage position at preload = 18.958
Stage position at contact = 3.564
Cantilever Deflection = 9.890
Stage Preload = 15.393
Total Preload Force = 6.517
Microwedge Deflection = 5.503
Spring Constant = 1.184
Processing File 16 of 16 : ./data/nc_sws6_20081117_165633.data
Force at preload = 6.687
Force at contact = -0.086
Cant Deflection at preload = 10.148
Cant Deflection at contact = -0.130
Stage position at preload = 19.968
Stage position at contact = 3.632
Cantilever Deflection = 10.278
Stage Preload = 16.336
Total Preload Force = 6.773
Microwedge Deflection = 6.058
Spring Constant = 1.118